<?xml version="1.0" encoding="UTF-8"?>
<testng-results ignored="0" total="2" passed="2" failed="0" skipped="0">
  <reporter-output>
  </reporter-output>
  <suite started-at="2026-04-27T23:30:33 IST" name="Surefire suite" finished-at="2026-04-27T23:30:44 IST" duration-ms="10900">
    <groups>
    </groups>
    <test started-at="2026-04-27T23:30:33 IST" name="Surefire test" finished-at="2026-04-27T23:30:44 IST" duration-ms="10900">
      <class name="tests.HomePageTest">
        <test-method is-config="true" signature="setup()[pri:0, instance:tests.HomePageTest@22a637e7]" started-at="2026-04-27T23:30:33 IST" name="setup" finished-at="2026-04-27T23:30:41 IST" duration-ms="8221" status="PASS">
          <reporter-output>
          </reporter-output>
        </test-method> <!-- setup -->
        <test-method signature="testBodyExists()[pri:0, instance:tests.HomePageTest@22a637e7]" started-at="2026-04-27T23:30:41 IST" name="testBodyExists" finished-at="2026-04-27T23:30:44 IST" duration-ms="2431" status="PASS">
          <reporter-output>
          </reporter-output>
        </test-method> <!-- testBodyExists -->
        <test-method signature="testPageLoads()[pri:0, instance:tests.HomePageTest@22a637e7]" started-at="2026-04-27T23:30:44 IST" name="testPageLoads" finished-at="2026-04-27T23:30:44 IST" duration-ms="65" status="PASS">
          <reporter-output>
          </reporter-output>
        </test-method> <!-- testPageLoads -->
        <test-method is-config="true" signature="tearDown()[pri:0, instance:tests.HomePageTest@22a637e7]" started-at="2026-04-27T23:30:44 IST" name="tearDown" finished-at="2026-04-27T23:30:44 IST" duration-ms="146" status="PASS">
          <reporter-output>
          </reporter-output>
        </test-method> <!-- tearDown -->
      </class> <!-- tests.HomePageTest -->
    </test> <!-- Surefire test -->
  </suite> <!-- Surefire suite -->
</testng-results>
